<?xml version="1.0" encoding="UTF-8"?>
<testsuite xmlns:xsi="http://www.w3.org/2001/XMLSchema-instance" xsi:noNamespaceSchemaLocation="https://maven.apache.org/surefire/maven-surefire-plugin/xsd/surefire-test-report.xsd" version="3.0.2" name="com.example.gatewayservice.GatewayServiceApplicationTests" time="9.951" tests="1" errors="0" skipped="0" failures="0" flakes="0">
  <properties>
[...]
</properties>
  <testcase name="contextLoads" classname="com.example.gatewayservice.GatewayServiceApplicationTests" time="1.552">
    <system-out><![CDATA[12:18:05.767 [main] INFO org.springframework.test.context.support.AnnotationConfigContextLoaderUtils -- Could not detect default configuration classes for test class [com.example.gatewayservice.GatewayServiceApplicationTests]: GatewayServiceApplicationTests does not declare any static, non-private, non-final, nested classes annotated with @Configuration.
12:18:06.147 [main] INFO org.springframework.boot.test.context.SpringBootTestContextBootstrapper -- Found @SpringBootConfiguration com.example.gatewayservice.GatewayServiceApplication for test class com.example.gatewayservice.GatewayServiceApplicationTests
12:18:06.541 [main] INFO org.springframework.test.context.support.AnnotationConfigContextLoaderUtils -- Could not detect default configuration classes for test class [com.example.gatewayservice.GatewayServiceApplicationTests]: GatewayServiceApplicationTests does not declare any static, non-private, non-final, nested classes annotated with @Configuration.
12:18:06.548 [main] INFO org.springframework.boot.test.context.SpringBootTestContextBootstrapper -- Found @SpringBootConfiguration com.example.gatewayservice.GatewayServiceApplication for test class com.example.gatewayservice.GatewayServiceApplicationTests

  .   ____          _            __ _ _
 /\\ / ___'_ __ _ _(_)_ __  __ _ \ \ \ \
( ( )\___ | '_ | '_| | '_ \/ _` | \ \ \ \
 \\/  ___)| |_)| | | | | || (_| |  ) ) ) )
  '  |____| .__|_| |_|_| |_\__, | / / / /
 =========|_|==============|___/=/_/_/_/

 :: Spring Boot ::                (v4.0.4)

2026-03-27T12:18:08.002+01:00  INFO 27512 --- [gateway-service] [           main] c.e.g.GatewayServiceApplicationTests     : Starting GatewayServiceApplicationTests using Java 21.0.10 with PID 27512 (started by caban in C:\Users\caban\Desktop\SOA PROJECTS\gateway-service)
2026-03-27T12:18:08.005+01:00  INFO 27512 --- [gateway-service] [           main] c.e.g.GatewayServiceApplicationTests     : No active profile set, falling back to 1 default profile: "default"
2026-03-27T12:18:10.331+01:00  INFO 27512 --- [gateway-service] [           main] o.s.cloud.context.scope.GenericScope     : BeanFactory id=b4e70332-3576-313e-b87e-e27cb48136a8
2026-03-27T12:18:10.816+01:00  INFO 27512 --- [gateway-service] [           main] o.s.b.w.a.WelcomePageHandlerMapping      : Adding welcome page: class path resource [static/index.html]
2026-03-27T12:18:13.013+01:00  INFO 27512 --- [gateway-service] [           main] o.s.b.a.e.web.EndpointLinksResolver      : Exposing 2 endpoints beneath base path '/actuator'
2026-03-27T12:18:13.261+01:00  INFO 27512 --- [gateway-service] [           main] c.e.g.GatewayServiceApplicationTests     : Started GatewayServiceApplicationTests in 6.154 seconds (process running for 9.679)
]]></system-out>
    <system-err><![CDATA[Mockito is currently self-attaching to enable the inline-mock-maker. This will no longer work in future releases of the JDK. Please add Mockito as an agent to your build as described in Mockito's documentation: https://javadoc.io/doc/org.mockito/mockito-core/latest/org.mockito/org/mockito/Mockito.html#0.3
WARNING: A Java agent has been loaded dynamically (C:\Users\caban\.m2\repository\net\bytebuddy\byte-buddy-agent\1.17.8\byte-buddy-agent-1.17.8.jar)
WARNING: If a serviceability tool is in use, please run with -XX:+EnableDynamicAgentLoading to hide this warning
WARNING: If a serviceability tool is not in use, please run with -Djdk.instrument.traceUsage for more information
WARNING: Dynamic loading of agents will be disallowed by default in a future release
]]></system-err>
  </testcase>
</testsuite>